{"C:\\Users\\User\\Desktop\\react_testing\\vite-vitest\\src\\components\\Counter.tsx": {"path":"C:\\Users\\User\\Desktop\\react_testing\\vite-vitest\\src\\components\\Counter.tsx","all":false,"statementMap":{"0":{"start":{"line":1,"column":0},"end":{"line":1,"column":40}},"2":{"start":{"line":3,"column":0},"end":{"line":3,"column":23}},"3":{"start":{"line":4,"column":0},"end":{"line":4,"column":40}},"4":{"start":{"line":5,"column":0},"end":{"line":5,"column":42}},"5":{"start":{"line":6,"column":0},"end":{"line":6,"column":29}},"6":{"start":{"line":7,"column":0},"end":{"line":7,"column":24}},"7":{"start":{"line":8,"column":0},"end":{"line":8,"column":4}},"9":{"start":{"line":10,"column":0},"end":{"line":10,"column":74}},"10":{"start":{"line":11,"column":0},"end":{"line":11,"column":48}},"11":{"start":{"line":12,"column":0},"end":{"line":12,"column":4}},"13":{"start":{"line":14,"column":0},"end":{"line":14,"column":34}},"14":{"start":{"line":15,"column":0},"end":{"line":15,"column":21}},"15":{"start":{"line":16,"column":0},"end":{"line":16,"column":4}},"17":{"start":{"line":18,"column":0},"end":{"line":18,"column":10}},"18":{"start":{"line":19,"column":0},"end":{"line":19,"column":9}},"19":{"start":{"line":20,"column":0},"end":{"line":20,"column":22}},"20":{"start":{"line":21,"column":0},"end":{"line":21,"column":50}},"22":{"start":{"line":23,"column":0},"end":{"line":23,"column":15}},"23":{"start":{"line":24,"column":0},"end":{"line":24,"column":12}},"24":{"start":{"line":25,"column":0},"end":{"line":25,"column":34}},"25":{"start":{"line":26,"column":0},"end":{"line":26,"column":21}},"26":{"start":{"line":27,"column":0},"end":{"line":27,"column":21}},"27":{"start":{"line":28,"column":0},"end":{"line":28,"column":22}},"28":{"start":{"line":29,"column":0},"end":{"line":29,"column":33}},"29":{"start":{"line":30,"column":0},"end":{"line":30,"column":8}},"30":{"start":{"line":31,"column":0},"end":{"line":31,"column":55}},"32":{"start":{"line":33,"column":0},"end":{"line":33,"column":15}},"33":{"start":{"line":34,"column":0},"end":{"line":34,"column":10}},"35":{"start":{"line":36,"column":0},"end":{"line":36,"column":2}},"37":{"start":{"line":38,"column":0},"end":{"line":38,"column":23}}},"s":{"0":1,"2":1,"3":12,"4":12,"5":12,"6":3,"7":3,"9":12,"10":2,"11":2,"13":12,"14":1,"15":1,"17":12,"18":12,"19":12,"20":12,"22":12,"23":12,"24":12,"25":12,"26":12,"27":12,"28":12,"29":12,"30":12,"32":12,"33":12,"35":12,"37":1},"branchMap":{"0":{"type":"branch","line":3,"loc":{"start":{"line":3,"column":16},"end":{"line":36,"column":2}},"locations":[{"start":{"line":3,"column":16},"end":{"line":36,"column":2}}]},"1":{"type":"branch","line":6,"loc":{"start":{"line":6,"column":22},"end":{"line":8,"column":4}},"locations":[{"start":{"line":6,"column":22},"end":{"line":8,"column":4}}]},"2":{"type":"branch","line":10,"loc":{"start":{"line":10,"column":25},"end":{"line":12,"column":4}},"locations":[{"start":{"line":10,"column":25},"end":{"line":12,"column":4}}]},"3":{"type":"branch","line":14,"loc":{"start":{"line":14,"column":27},"end":{"line":16,"column":4}},"locations":[{"start":{"line":14,"column":27},"end":{"line":16,"column":4}}]}},"b":{"0":[12],"1":[3],"2":[2],"3":[1]},"fnMap":{"0":{"name":"Counter","decl":{"start":{"line":3,"column":16},"end":{"line":36,"column":2}},"loc":{"start":{"line":3,"column":16},"end":{"line":36,"column":2}},"line":3},"1":{"name":"onIncrement","decl":{"start":{"line":6,"column":22},"end":{"line":8,"column":4}},"loc":{"start":{"line":6,"column":22},"end":{"line":8,"column":4}},"line":6},"2":{"name":"onAmountChange","decl":{"start":{"line":10,"column":25},"end":{"line":12,"column":4}},"loc":{"start":{"line":10,"column":25},"end":{"line":12,"column":4}},"line":10},"3":{"name":"onAmountCountSet","decl":{"start":{"line":14,"column":27},"end":{"line":16,"column":4}},"loc":{"start":{"line":14,"column":27},"end":{"line":16,"column":4}},"line":14}},"f":{"0":12,"1":3,"2":2,"3":1}}
,"C:\\Users\\User\\Desktop\\react_testing\\vite-vitest\\src\\components\\application\\Application.tsx": {"path":"C:\\Users\\User\\Desktop\\react_testing\\vite-vitest\\src\\components\\application\\Application.tsx","all":false,"statementMap":{"0":{"start":{"line":1,"column":0},"end":{"line":1,"column":27}},"1":{"start":{"line":2,"column":0},"end":{"line":2,"column":10}},"2":{"start":{"line":3,"column":0},"end":{"line":3,"column":6}},"3":{"start":{"line":4,"column":0},"end":{"line":4,"column":35}},"4":{"start":{"line":5,"column":0},"end":{"line":5,"column":24}},"5":{"start":{"line":6,"column":0},"end":{"line":6,"column":37}},"6":{"start":{"line":7,"column":0},"end":{"line":7,"column":34}},"7":{"start":{"line":8,"column":0},"end":{"line":8,"column":80}},"8":{"start":{"line":9,"column":0},"end":{"line":9,"column":65}},"9":{"start":{"line":10,"column":0},"end":{"line":10,"column":12}},"10":{"start":{"line":11,"column":0},"end":{"line":11,"column":13}},"11":{"start":{"line":12,"column":0},"end":{"line":12,"column":44}},"12":{"start":{"line":13,"column":0},"end":{"line":13,"column":16}},"13":{"start":{"line":14,"column":0},"end":{"line":14,"column":23}},"14":{"start":{"line":15,"column":0},"end":{"line":15,"column":21}},"15":{"start":{"line":16,"column":0},"end":{"line":16,"column":26}},"16":{"start":{"line":17,"column":0},"end":{"line":17,"column":31}},"17":{"start":{"line":18,"column":0},"end":{"line":18,"column":34}},"18":{"start":{"line":19,"column":0},"end":{"line":19,"column":12}},"19":{"start":{"line":20,"column":0},"end":{"line":20,"column":14}},"20":{"start":{"line":21,"column":0},"end":{"line":21,"column":13}},"21":{"start":{"line":22,"column":0},"end":{"line":22,"column":44}},"22":{"start":{"line":23,"column":0},"end":{"line":23,"column":44}},"23":{"start":{"line":24,"column":0},"end":{"line":24,"column":14}},"25":{"start":{"line":26,"column":0},"end":{"line":26,"column":13}},"26":{"start":{"line":27,"column":0},"end":{"line":27,"column":42}},"27":{"start":{"line":28,"column":0},"end":{"line":28,"column":42}},"28":{"start":{"line":29,"column":0},"end":{"line":29,"column":14}},"30":{"start":{"line":31,"column":0},"end":{"line":31,"column":13}},"31":{"start":{"line":32,"column":0},"end":{"line":32,"column":47}},"32":{"start":{"line":33,"column":0},"end":{"line":33,"column":77}},"33":{"start":{"line":34,"column":0},"end":{"line":34,"column":54}},"34":{"start":{"line":35,"column":0},"end":{"line":35,"column":53}},"35":{"start":{"line":36,"column":0},"end":{"line":36,"column":54}},"36":{"start":{"line":37,"column":0},"end":{"line":37,"column":46}},"37":{"start":{"line":38,"column":0},"end":{"line":38,"column":45}},"38":{"start":{"line":39,"column":0},"end":{"line":39,"column":19}},"39":{"start":{"line":40,"column":0},"end":{"line":40,"column":14}},"40":{"start":{"line":41,"column":0},"end":{"line":41,"column":13}},"41":{"start":{"line":42,"column":0},"end":{"line":42,"column":17}},"42":{"start":{"line":43,"column":0},"end":{"line":43,"column":76}},"44":{"start":{"line":45,"column":0},"end":{"line":45,"column":18}},"45":{"start":{"line":46,"column":0},"end":{"line":46,"column":14}},"46":{"start":{"line":47,"column":0},"end":{"line":47,"column":46}},"48":{"start":{"line":49,"column":0},"end":{"line":49,"column":17}},"49":{"start":{"line":50,"column":0},"end":{"line":50,"column":13}},"50":{"start":{"line":51,"column":0},"end":{"line":51,"column":7}},"52":{"start":{"line":53,"column":0},"end":{"line":53,"column":2}},"54":{"start":{"line":55,"column":0},"end":{"line":55,"column":27}}},"s":{"0":1,"1":1,"2":1,"3":1,"4":1,"5":1,"6":1,"7":1,"8":1,"9":1,"10":1,"11":1,"12":1,"13":1,"14":1,"15":1,"16":1,"17":1,"18":1,"19":1,"20":1,"21":1,"22":1,"23":1,"25":1,"26":1,"27":1,"28":1,"30":1,"31":1,"32":1,"33":1,"34":1,"35":1,"36":1,"37":1,"38":1,"39":1,"40":1,"41":1,"42":1,"44":1,"45":1,"46":1,"48":1,"49":1,"50":1,"52":1,"54":1},"branchMap":{"0":{"type":"branch","line":1,"loc":{"start":{"line":1,"column":20},"end":{"line":53,"column":2}},"locations":[{"start":{"line":1,"column":20},"end":{"line":53,"column":2}}]}},"b":{"0":[1]},"fnMap":{"0":{"name":"Application","decl":{"start":{"line":1,"column":20},"end":{"line":53,"column":2}},"loc":{"start":{"line":1,"column":20},"end":{"line":53,"column":2}},"line":1},"1":{"name":"onChange","decl":{"start":{"line":17,"column":22},"end":{"line":17,"column":31}},"loc":{"start":{"line":17,"column":22},"end":{"line":17,"column":31}},"line":17}},"f":{"0":1,"1":0}}
,"C:\\Users\\User\\Desktop\\react_testing\\vite-vitest\\src\\components\\counterTwo\\CounterTwo.tsx": {"path":"C:\\Users\\User\\Desktop\\react_testing\\vite-vitest\\src\\components\\counterTwo\\CounterTwo.tsx","all":false,"statementMap":{"0":{"start":{"line":1,"column":0},"end":{"line":1,"column":53}},"2":{"start":{"line":3,"column":0},"end":{"line":3,"column":48}},"3":{"start":{"line":4,"column":0},"end":{"line":4,"column":10}},"4":{"start":{"line":5,"column":0},"end":{"line":5,"column":9}},"5":{"start":{"line":6,"column":0},"end":{"line":6,"column":26}},"6":{"start":{"line":7,"column":0},"end":{"line":7,"column":26}},"7":{"start":{"line":8,"column":0},"end":{"line":8,"column":33}},"8":{"start":{"line":9,"column":0},"end":{"line":9,"column":62}},"10":{"start":{"line":11,"column":0},"end":{"line":11,"column":17}},"12":{"start":{"line":13,"column":0},"end":{"line":13,"column":33}},"13":{"start":{"line":14,"column":0},"end":{"line":14,"column":62}},"15":{"start":{"line":16,"column":0},"end":{"line":16,"column":17}},"17":{"start":{"line":18,"column":0},"end":{"line":18,"column":10}},"19":{"start":{"line":20,"column":0},"end":{"line":20,"column":2}},"21":{"start":{"line":22,"column":0},"end":{"line":22,"column":26}}},"s":{"0":1,"2":1,"3":2,"4":2,"5":2,"6":2,"7":2,"8":1,"10":1,"12":2,"13":1,"15":1,"17":2,"19":2,"21":1},"branchMap":{"0":{"type":"branch","line":3,"loc":{"start":{"line":3,"column":19},"end":{"line":20,"column":2}},"locations":[{"start":{"line":3,"column":19},"end":{"line":20,"column":2}}]},"1":{"type":"branch","line":8,"loc":{"start":{"line":8,"column":13},"end":{"line":11,"column":17}},"locations":[{"start":{"line":8,"column":13},"end":{"line":11,"column":17}}]},"2":{"type":"branch","line":13,"loc":{"start":{"line":13,"column":13},"end":{"line":16,"column":17}},"locations":[{"start":{"line":13,"column":13},"end":{"line":16,"column":17}}]}},"b":{"0":[2],"1":[1],"2":[1]},"fnMap":{"0":{"name":"CounterTwo","decl":{"start":{"line":3,"column":19},"end":{"line":20,"column":2}},"loc":{"start":{"line":3,"column":19},"end":{"line":20,"column":2}},"line":3}},"f":{"0":2}}
,"C:\\Users\\User\\Desktop\\react_testing\\vite-vitest\\src\\components\\greet\\Greet.tsx": {"path":"C:\\Users\\User\\Desktop\\react_testing\\vite-vitest\\src\\components\\greet\\Greet.tsx","all":false,"statementMap":{"0":{"start":{"line":1,"column":0},"end":{"line":1,"column":43}},"2":{"start":{"line":3,"column":0},"end":{"line":3,"column":41}},"3":{"start":{"line":4,"column":0},"end":{"line":4,"column":50}},"4":{"start":{"line":5,"column":0},"end":{"line":5,"column":2}},"6":{"start":{"line":7,"column":0},"end":{"line":7,"column":21}}},"s":{"0":1,"2":1,"3":1,"4":1,"6":1},"branchMap":{"0":{"type":"branch","line":3,"loc":{"start":{"line":3,"column":14},"end":{"line":5,"column":2}},"locations":[{"start":{"line":3,"column":14},"end":{"line":5,"column":2}}]},"1":{"type":"branch","line":4,"loc":{"start":{"line":4,"column":28},"end":{"line":4,"column":43}},"locations":[{"start":{"line":4,"column":28},"end":{"line":4,"column":43}}]}},"b":{"0":[1],"1":[0]},"fnMap":{"0":{"name":"Greet","decl":{"start":{"line":3,"column":14},"end":{"line":5,"column":2}},"loc":{"start":{"line":3,"column":14},"end":{"line":5,"column":2}},"line":3}},"f":{"0":1}}
,"C:\\Users\\User\\Desktop\\react_testing\\vite-vitest\\src\\components\\mui\\MuiMode.tsx": {"path":"C:\\Users\\User\\Desktop\\react_testing\\vite-vitest\\src\\components\\mui\\MuiMode.tsx","all":false,"statementMap":{"0":{"start":{"line":1,"column":0},"end":{"line":1,"column":53}},"2":{"start":{"line":3,"column":0},"end":{"line":3,"column":23}},"3":{"start":{"line":4,"column":0},"end":{"line":4,"column":27}},"4":{"start":{"line":5,"column":0},"end":{"line":5,"column":10}},"5":{"start":{"line":6,"column":0},"end":{"line":6,"column":76}},"7":{"start":{"line":8,"column":0},"end":{"line":8,"column":2}},"9":{"start":{"line":10,"column":0},"end":{"line":10,"column":23}}},"s":{"0":1,"2":1,"3":2,"4":2,"5":2,"7":2,"9":1},"branchMap":{"0":{"type":"branch","line":3,"loc":{"start":{"line":3,"column":16},"end":{"line":8,"column":2}},"locations":[{"start":{"line":3,"column":16},"end":{"line":8,"column":2}}]}},"b":{"0":[2]},"fnMap":{"0":{"name":"MuiMode","decl":{"start":{"line":3,"column":16},"end":{"line":8,"column":2}},"loc":{"start":{"line":3,"column":16},"end":{"line":8,"column":2}},"line":3}},"f":{"0":2}}
,"C:\\Users\\User\\Desktop\\react_testing\\vite-vitest\\src\\components\\skills\\Skills.tsx": {"path":"C:\\Users\\User\\Desktop\\react_testing\\vite-vitest\\src\\components\\skills\\Skills.tsx","all":false,"statementMap":{"0":{"start":{"line":1,"column":0},"end":{"line":1,"column":44}},"3":{"start":{"line":4,"column":0},"end":{"line":4,"column":47}},"4":{"start":{"line":5,"column":0},"end":{"line":5,"column":33}},"5":{"start":{"line":6,"column":0},"end":{"line":6,"column":54}},"7":{"start":{"line":8,"column":0},"end":{"line":8,"column":19}},"8":{"start":{"line":9,"column":0},"end":{"line":9,"column":22}},"9":{"start":{"line":10,"column":0},"end":{"line":10,"column":26}},"10":{"start":{"line":11,"column":0},"end":{"line":11,"column":13}},"11":{"start":{"line":12,"column":0},"end":{"line":12,"column":9}},"13":{"start":{"line":14,"column":0},"end":{"line":14,"column":10}},"14":{"start":{"line":15,"column":0},"end":{"line":15,"column":6}},"15":{"start":{"line":16,"column":0},"end":{"line":16,"column":10}},"16":{"start":{"line":17,"column":0},"end":{"line":17,"column":33}},"17":{"start":{"line":18,"column":0},"end":{"line":18,"column":38}},"18":{"start":{"line":19,"column":0},"end":{"line":19,"column":11}},"19":{"start":{"line":20,"column":0},"end":{"line":20,"column":11}},"20":{"start":{"line":21,"column":0},"end":{"line":21,"column":21}},"21":{"start":{"line":22,"column":0},"end":{"line":22,"column":67}},"23":{"start":{"line":24,"column":0},"end":{"line":24,"column":17}},"25":{"start":{"line":26,"column":0},"end":{"line":26,"column":66}},"27":{"start":{"line":28,"column":0},"end":{"line":28,"column":17}},"29":{"start":{"line":30,"column":0},"end":{"line":30,"column":7}},"31":{"start":{"line":32,"column":0},"end":{"line":32,"column":2}},"33":{"start":{"line":34,"column":0},"end":{"line":34,"column":22}}},"s":{"0":1,"3":1,"4":8,"5":8,"7":8,"8":6,"9":6,"10":6,"11":8,"13":8,"14":8,"15":8,"16":8,"17":40,"18":8,"19":8,"20":8,"21":2,"23":2,"25":6,"27":6,"29":8,"31":8,"33":1},"branchMap":{"0":{"type":"branch","line":4,"loc":{"start":{"line":4,"column":22},"end":{"line":32,"column":2}},"locations":[{"start":{"line":4,"column":22},"end":{"line":32,"column":2}}]},"1":{"type":"branch","line":5,"loc":{"start":{"line":5,"column":21},"end":{"line":5,"column":33}},"locations":[{"start":{"line":5,"column":21},"end":{"line":5,"column":33}}]},"2":{"type":"branch","line":21,"loc":{"start":{"line":21,"column":7},"end":{"line":24,"column":17}},"locations":[{"start":{"line":21,"column":7},"end":{"line":24,"column":17}}]},"3":{"type":"branch","line":24,"loc":{"start":{"line":24,"column":8},"end":{"line":28,"column":17}},"locations":[{"start":{"line":24,"column":8},"end":{"line":28,"column":17}}]},"4":{"type":"branch","line":8,"loc":{"start":{"line":8,"column":12},"end":{"line":12,"column":5}},"locations":[{"start":{"line":8,"column":12},"end":{"line":12,"column":5}}]},"5":{"type":"branch","line":9,"loc":{"start":{"line":9,"column":15},"end":{"line":11,"column":7}},"locations":[{"start":{"line":9,"column":15},"end":{"line":11,"column":7}}]},"6":{"type":"branch","line":17,"loc":{"start":{"line":17,"column":21},"end":{"line":18,"column":38}},"locations":[{"start":{"line":17,"column":21},"end":{"line":18,"column":38}}]}},"b":{"0":[8],"1":[0],"2":[2],"3":[6],"4":[6],"5":[6],"6":[40]},"fnMap":{"0":{"name":"Skills","decl":{"start":{"line":4,"column":22},"end":{"line":32,"column":2}},"loc":{"start":{"line":4,"column":22},"end":{"line":32,"column":2}},"line":4},"1":{"name":"onClick","decl":{"start":{"line":22,"column":39},"end":{"line":22,"column":67}},"loc":{"start":{"line":22,"column":39},"end":{"line":22,"column":67}},"line":22},"2":{"name":"onClick","decl":{"start":{"line":26,"column":39},"end":{"line":26,"column":66}},"loc":{"start":{"line":26,"column":39},"end":{"line":26,"column":66}},"line":26}},"f":{"0":8,"1":0,"2":0}}
,"C:\\Users\\User\\Desktop\\react_testing\\vite-vitest\\src\\components\\users\\Users.tsx": {"path":"C:\\Users\\User\\Desktop\\react_testing\\vite-vitest\\src\\components\\users\\Users.tsx","all":false,"statementMap":{"0":{"start":{"line":1,"column":0},"end":{"line":1,"column":44}},"2":{"start":{"line":3,"column":0},"end":{"line":3,"column":21}},"3":{"start":{"line":4,"column":0},"end":{"line":4,"column":51}},"4":{"start":{"line":5,"column":0},"end":{"line":5,"column":58}},"6":{"start":{"line":7,"column":0},"end":{"line":7,"column":19}},"7":{"start":{"line":8,"column":0},"end":{"line":8,"column":55}},"8":{"start":{"line":9,"column":0},"end":{"line":9,"column":32}},"9":{"start":{"line":10,"column":0},"end":{"line":10,"column":80}},"10":{"start":{"line":11,"column":0},"end":{"line":11,"column":53}},"11":{"start":{"line":12,"column":0},"end":{"line":12,"column":9}},"13":{"start":{"line":14,"column":0},"end":{"line":14,"column":10}},"14":{"start":{"line":15,"column":0},"end":{"line":15,"column":9}},"15":{"start":{"line":16,"column":0},"end":{"line":16,"column":20}},"16":{"start":{"line":17,"column":0},"end":{"line":17,"column":31}},"17":{"start":{"line":18,"column":0},"end":{"line":18,"column":10}},"18":{"start":{"line":19,"column":0},"end":{"line":19,"column":37}},"19":{"start":{"line":20,"column":0},"end":{"line":20,"column":37}},"20":{"start":{"line":21,"column":0},"end":{"line":21,"column":11}},"21":{"start":{"line":22,"column":0},"end":{"line":22,"column":11}},"22":{"start":{"line":23,"column":0},"end":{"line":23,"column":10}},"24":{"start":{"line":25,"column":0},"end":{"line":25,"column":2}},"26":{"start":{"line":27,"column":0},"end":{"line":27,"column":21}}},"s":{"0":1,"2":1,"3":3,"4":3,"6":3,"7":2,"8":2,"9":2,"10":2,"11":3,"13":3,"14":3,"15":3,"16":3,"17":3,"18":3,"19":3,"20":3,"21":3,"22":3,"24":3,"26":1},"branchMap":{"0":{"type":"branch","line":3,"loc":{"start":{"line":3,"column":14},"end":{"line":25,"column":2}},"locations":[{"start":{"line":3,"column":14},"end":{"line":25,"column":2}}]},"1":{"type":"branch","line":17,"loc":{"start":{"line":17,"column":7},"end":{"line":17,"column":31}},"locations":[{"start":{"line":17,"column":7},"end":{"line":17,"column":31}}]},"2":{"type":"branch","line":7,"loc":{"start":{"line":7,"column":12},"end":{"line":12,"column":5}},"locations":[{"start":{"line":7,"column":12},"end":{"line":12,"column":5}}]},"3":{"type":"branch","line":9,"loc":{"start":{"line":9,"column":12},"end":{"line":9,"column":31}},"locations":[{"start":{"line":9,"column":12},"end":{"line":9,"column":31}}]},"4":{"type":"branch","line":10,"loc":{"start":{"line":10,"column":12},"end":{"line":10,"column":79}},"locations":[{"start":{"line":10,"column":12},"end":{"line":10,"column":79}}]},"5":{"type":"branch","line":10,"loc":{"start":{"line":10,"column":40},"end":{"line":10,"column":77}},"locations":[{"start":{"line":10,"column":40},"end":{"line":10,"column":77}}]},"6":{"type":"branch","line":19,"loc":{"start":{"line":19,"column":19},"end":{"line":20,"column":37}},"locations":[{"start":{"line":19,"column":19},"end":{"line":20,"column":37}}]}},"b":{"0":[3],"1":[0],"2":[2],"3":[2],"4":[2],"5":[6],"6":[3]},"fnMap":{"0":{"name":"Users","decl":{"start":{"line":3,"column":14},"end":{"line":25,"column":2}},"loc":{"start":{"line":3,"column":14},"end":{"line":25,"column":2}},"line":3}},"f":{"0":3}}
}
