{"C:\\Users\\User\\Desktop\\react_testing\\vite-vitest\\src\\components\\greet\\Greet.tsx": {"path":"C:\\Users\\User\\Desktop\\react_testing\\vite-vitest\\src\\components\\greet\\Greet.tsx","all":false,"statementMap":{"0":{"start":{"line":1,"column":0},"end":{"line":1,"column":43}},"2":{"start":{"line":3,"column":0},"end":{"line":3,"column":41}},"3":{"start":{"line":4,"column":0},"end":{"line":4,"column":50}},"4":{"start":{"line":5,"column":0},"end":{"line":5,"column":2}},"6":{"start":{"line":7,"column":0},"end":{"line":7,"column":21}}},"s":{"0":1,"2":1,"3":1,"4":1,"6":1},"branchMap":{"0":{"type":"branch","line":3,"loc":{"start":{"line":3,"column":14},"end":{"line":5,"column":2}},"locations":[{"start":{"line":3,"column":14},"end":{"line":5,"column":2}}]},"1":{"type":"branch","line":4,"loc":{"start":{"line":4,"column":28},"end":{"line":4,"column":43}},"locations":[{"start":{"line":4,"column":28},"end":{"line":4,"column":43}}]}},"b":{"0":[1],"1":[0]},"fnMap":{"0":{"name":"Greet","decl":{"start":{"line":3,"column":14},"end":{"line":5,"column":2}},"loc":{"start":{"line":3,"column":14},"end":{"line":5,"column":2}},"line":3}},"f":{"0":1}}
}
